<?xml version="1.0" encoding="UTF-8"?>
<!-- Generated by org.testng.reporters.JUnitReportReporter -->
<testsuite hostname="DESKTOP-DEUFFS0" failures="0" tests="3" name="testng.Example1" time="0.000" errors="0" timestamp="19 Apr 2023 17:10:43 GMT" skipped="3">
  <testcase classname="testng.Example1" name="testCase3" time="0.000">
    <skipped/>
  </testcase> <!-- testCase3 -->
  <testcase classname="testng.Example1" name="testCase1" time="0.000">
    <skipped/>
  </testcase> <!-- testCase1 -->
  <testcase classname="testng.Example1" name="testCase2" time="0.000">
    <skipped/>
  </testcase> <!-- testCase2 -->
</testsuite> <!-- testng.Example1 -->
