<?xml version="1.0" encoding="UTF-8"?>
<!-- Generated by org.testng.reporters.JUnitReportReporter -->
<testsuite skipped="0" hostname="DESKTOP-DEUFFS0" name="testng.FirstTestNGWebScript" tests="1" failures="0" timestamp="05 Apr 2023 03:45:50 GMT" time="34.180" errors="0">
  <testcase name="testCase1" time="34.180" classname="testng.FirstTestNGWebScript"/>
</testsuite> <!-- testng.FirstTestNGWebScript -->
