<?xml version="1.0" encoding="UTF-8"?>
<!-- Generated by org.testng.reporters.JUnitReportReporter -->
<testsuite skipped="0" hostname="DESKTOP-DEUFFS0" name="day15.Grouping.Parameterization" tests="2" failures="0" timestamp="2023-04-12T14:34:01 IST" time="11.540" errors="0">
  <testcase name="testLoginOfVtiger" time="11.526" classname="day15.Grouping.Parameterization"/>
  <system-out/>
  <testcase name="testCaseOne" time="0.014" classname="day15.Grouping.Parameterization"/>
  <system-out/>
</testsuite> <!-- day15.Grouping.Parameterization -->
