<?xml version="1.0" encoding="UTF-8"?>
<!-- Generated by org.testng.reporters.JUnitReportReporter -->
<testsuite skipped="0" hostname="DESKTOP-DEUFFS0" name="testng.Actitime_Priority" tests="4" failures="0" timestamp="05 Apr 2023 04:13:56 GMT" time="0.031" errors="0">
  <testcase name="openBrowserAndAppURL" time="0.025" classname="testng.Actitime_Priority"/>
  <testcase name="login" time="0.002" classname="testng.Actitime_Priority"/>
  <testcase name="createTask" time="0.002" classname="testng.Actitime_Priority"/>
  <testcase name="logoutClose" time="0.002" classname="testng.Actitime_Priority"/>
</testsuite> <!-- testng.Actitime_Priority -->
