<?xml version="1.0" encoding="UTF-8"?>
<!-- Generated by org.testng.reporters.JUnitReportReporter -->
<testsuite skipped="0" hostname="DESKTOP-DEUFFS0" name="day12.javascriptexecutor.OrangeHrm" tests="1" failures="0" timestamp="2023-04-08T07:17:44 IST" time="22.773" errors="0">
  <testcase name="testCase1" time="22.773" classname="day12.javascriptexecutor.OrangeHrm"/>
  <system-out/>
</testsuite> <!-- day12.javascriptexecutor.OrangeHrm -->
