<?xml version="1.0" encoding="UTF-8"?>
<!-- Generated by org.testng.reporters.JUnitReportReporter -->
<testsuite skipped="0" hostname="DESKTOP-DEUFFS0" name="testng.Actitime_InvocationCount" tests="5" failures="0" timestamp="05 Apr 2023 04:16:25 GMT" time="0.030" errors="0">
  <testcase name="openBrowserAndAppURL" time="0.001" classname="testng.Actitime_InvocationCount"/>
  <testcase name="openBrowserAndAppURL" time="0.002" classname="testng.Actitime_InvocationCount"/>
  <testcase name="openBrowserAndAppURL" time="0.003" classname="testng.Actitime_InvocationCount"/>
  <testcase name="openBrowserAndAppURL" time="0.022" classname="testng.Actitime_InvocationCount"/>
  <testcase name="openBrowserAndAppURL" time="0.002" classname="testng.Actitime_InvocationCount"/>
</testsuite> <!-- testng.Actitime_InvocationCount -->
