<?xml version="1.0" encoding="UTF-8"?>
<!-- Generated by org.testng.reporters.JUnitReportReporter -->
<testsuite skipped="0" hostname="DESKTOP-DEUFFS0" name="day15.Grouping.GroupExamples" tests="2" failures="0" timestamp="2023-04-12T08:49:39 IST" time="0.037" errors="0">
  <testcase name="testCaseThree" time="0.004" classname="day15.Grouping.GroupExamples"/>
  <system-out/>
  <testcase name="testCaseFive" time="0.033" classname="day15.Grouping.GroupExamples"/>
  <system-out/>
</testsuite> <!-- day15.Grouping.GroupExamples -->
