<?xml version="1.0" encoding="UTF-8"?>
<!-- Generated by org.testng.reporters.JUnitReportReporter -->
<testsuite skipped="0" hostname="DESKTOP-DEUFFS0" name="day14.DDT.ExcelUpdate" tests="1" failures="0" timestamp="2023-04-10T14:30:32 IST" time="1.725" errors="0">
  <testcase name="updateCellDetails" time="1.725" classname="day14.DDT.ExcelUpdate"/>
  <system-out/>
</testsuite> <!-- day14.DDT.ExcelUpdate -->
