<?xml version="1.0" encoding="UTF-8"?>
<!-- Generated by org.testng.reporters.JUnitReportReporter -->
<testsuite skipped="0" hostname="DESKTOP-DEUFFS0" name="testng.Example1" tests="3" failures="0" timestamp="2023-04-19T18:17:23 IST" time="0.008" errors="0">
  <testcase name="testCase3" time="0.003" classname="testng.Example1"/>
  <system-out/>
  <testcase name="testCase2" time="0.002" classname="testng.Example1"/>
  <system-out/>
  <testcase name="testCase1" time="0.003" classname="testng.Example1"/>
  <system-out/>
</testsuite> <!-- testng.Example1 -->
