<?xml version="1.0" encoding="UTF-8"?>
<!-- Generated by org.testng.reporters.JUnitReportReporter -->
<testsuite skipped="0" hostname="DESKTOP-DEUFFS0" name="day14.DDT.ExcelReading" tests="6" failures="0" timestamp="2023-04-10T14:30:32 IST" time="2.473" errors="0">
  <testcase name="getDiffTypeOfCellData" time="1.093" classname="day14.DDT.ExcelReading"/>
  <system-out/>
  <testcase name="readSheetDetails" time="0.053" classname="day14.DDT.ExcelReading"/>
  <system-out/>
  <testcase name="readAllDataFromSheet" time="0.002" classname="day14.DDT.ExcelReading"/>
  <system-out/>
  <testcase name="getCellDetails" time="1.264" classname="day14.DDT.ExcelReading"/>
  <system-out/>
  <testcase name="getRowDetails" time="0.060" classname="day14.DDT.ExcelReading"/>
  <system-out/>
  <testcase name="testCase" time="0.001" classname="day14.DDT.ExcelReading"/>
  <system-out/>
</testsuite> <!-- day14.DDT.ExcelReading -->
