<?xml version="1.0" encoding="UTF-8"?>
<!-- Generated by org.testng.reporters.JUnitReportReporter -->
<testsuite skipped="0" hostname="DESKTOP-DEUFFS0" name="testng.BeforeAfterTestGoogle" tests="2" failures="0" timestamp="2023-04-19T18:17:23 IST" time="4.122" errors="0">
  <testcase name="testSearch" time="4.095" classname="testng.BeforeAfterTestGoogle"/>
  <system-out/>
  <testcase name="testGoogleLandingPage" time="0.027" classname="testng.BeforeAfterTestGoogle"/>
  <system-out/>
</testsuite> <!-- testng.BeforeAfterTestGoogle -->
