<?xml version="1.0" encoding="UTF-8"?>
<!-- Generated by org.testng.reporters.JUnitReportReporter -->
<testsuite skipped="3" hostname="DESKTOP-DEUFFS0" name="day14.DDT.ExcelOperations" tests="10" failures="0" timestamp="2023-04-10T12:04:11 IST" time="0.031" errors="1">
  <testcase name="getSheetName" time="0.001" classname="day14.DDT.ExcelOperations"/>
  <system-out/>
  <testcase name="getCompleteDataFromScepecificSheet" time="0.002" classname="day14.DDT.ExcelOperations"/>
  <system-out/>
  <testcase name="createAndInsertValueInCell" time="0.017" classname="day14.DDT.ExcelOperations"/>
  <system-out/>
  <testcase name="getCellValueFromParticularRow" time="0.002" classname="day14.DDT.ExcelOperations"/>
  <system-out/>
  <testcase name="updateCellValue" time="0.003" classname="day14.DDT.ExcelOperations"/>
  <system-out/>
  <testcase name="getFirstCellValueFromEachRow" time="0.004" classname="day14.DDT.ExcelOperations">
    <error type="java.io.FileNotFoundException" message=".\TestData\DDT.xlsx (The system cannot find the path specified)">
      <![CDATA[java.io.FileNotFoundException: .\TestData\DDT.xlsx (The system cannot find the path specified)
at java.io.FileInputStream.open0(Native Method)
at java.io.FileInputStream.open(Unknown Source)
at java.io.FileInputStream.<init>(Unknown Source)
at java.io.FileInputStream.<init>(Unknown Source)
at day14.DDT.ExcelOperations.getCellValue(ExcelOperations.java:161)
at day14.DDT.ExcelOperations.getFirstCellValueFromEachRow(ExcelOperations.java:190)
at sun.reflect.NativeMethodAccessorImpl.invoke0(Native Method)
at sun.reflect.NativeMethodAccessorImpl.invoke(Unknown Source)
at sun.reflect.DelegatingMethodAccessorImpl.invoke(Unknown Source)
at java.lang.reflect.Method.invoke(Unknown Source)
at org.testng.internal.MethodInvocationHelper.invokeMethod(MethodInvocationHelper.java:134)
at org.testng.internal.TestInvoker.invokeMethod(TestInvoker.java:597)
at org.testng.internal.TestInvoker.invokeTestMethod(TestInvoker.java:173)
at org.testng.internal.MethodRunner.runInSequence(MethodRunner.java:46)
at org.testng.internal.TestInvoker$MethodInvocationAgent.invoke(TestInvoker.java:816)
at org.testng.internal.TestInvoker.invokeTestMethods(TestInvoker.java:146)
at org.testng.internal.TestMethodWorker.invokeTestMethods(TestMethodWorker.java:146)
at org.testng.internal.TestMethodWorker.run(TestMethodWorker.java:128)
at java.util.ArrayList.forEach(Unknown Source)
at org.testng.TestRunner.privateRun(TestRunner.java:766)
at org.testng.TestRunner.run(TestRunner.java:587)
at org.testng.SuiteRunner.runTest(SuiteRunner.java:384)
at org.testng.SuiteRunner.runSequentially(SuiteRunner.java:378)
at org.testng.SuiteRunner.privateRun(SuiteRunner.java:337)
at org.testng.SuiteRunner.run(SuiteRunner.java:286)
at org.testng.SuiteRunnerWorker.runSuite(SuiteRunnerWorker.java:53)
at org.testng.SuiteRunnerWorker.run(SuiteRunnerWorker.java:96)
at org.testng.TestNG.runSuitesSequentially(TestNG.java:1187)
at org.testng.TestNG.runSuitesLocally(TestNG.java:1109)
at org.testng.TestNG.runSuites(TestNG.java:1039)
at org.testng.TestNG.run(TestNG.java:1007)
at org.testng.remote.AbstractRemoteTestNG.run(AbstractRemoteTestNG.java:115)
at org.testng.remote.RemoteTestNG.initAndRun(RemoteTestNG.java:251)
at org.testng.remote.RemoteTestNG.main(RemoteTestNG.java:77)
]]>
    </error>
  </testcase> <!-- getFirstCellValueFromEachRow -->
  <system-out/>
  <testcase name="getRowsCountFromSheet" time="0.002" classname="day14.DDT.ExcelOperations"/>
  <system-out/>
  <testcase name="performOperationOnCell" classname="day14.DDT.ExcelOperations">
    <skipped/>
  </testcase> <!-- performOperationOnCell -->
  <system-out/>
  <testcase name="performOperationOnSheet" classname="day14.DDT.ExcelOperations">
    <skipped/>
  </testcase> <!-- performOperationOnSheet -->
  <system-out/>
  <testcase name="performRowOperations" classname="day14.DDT.ExcelOperations">
    <skipped/>
  </testcase> <!-- performRowOperations -->
  <system-out/>
</testsuite> <!-- day14.DDT.ExcelOperations -->
