<?xml version="1.0" encoding="UTF-8"?>
<!-- Generated by org.testng.reporters.JUnitReportReporter -->
<testsuite skipped="0" hostname="DESKTOP-DEUFFS0" name="testng.ActitimeWithTestNG" tests="4" failures="0" timestamp="05 Apr 2023 04:04:50 GMT" time="41.380" errors="0">
  <testcase name="a_openBrowserAndAppURL" time="40.912" classname="testng.ActitimeWithTestNG"/>
  <testcase name="b_login" time="0.464" classname="testng.ActitimeWithTestNG"/>
  <testcase name="d_logoutClose" time="0.002" classname="testng.ActitimeWithTestNG"/>
  <testcase name="c_createTask" time="0.002" classname="testng.ActitimeWithTestNG"/>
</testsuite> <!-- testng.ActitimeWithTestNG -->
