<?xml version="1.0" encoding="UTF-8"?>
<!-- Generated by org.testng.reporters.JUnitReportReporter -->
<testsuite skipped="0" hostname="DESKTOP-DEUFFS0" name="day15.Grouping.IncludeAndExcludeTestMethods" tests="2" failures="0" timestamp="2023-04-12T13:07:59 IST" time="0.022" errors="0">
  <testcase name="addEmployeeTestCase" time="0.002" classname="day15.Grouping.IncludeAndExcludeTestMethods"/>
  <system-out/>
  <testcase name="addDepartmentTestCase" time="0.020" classname="day15.Grouping.IncludeAndExcludeTestMethods"/>
  <system-out/>
</testsuite> <!-- day15.Grouping.IncludeAndExcludeTestMethods -->
