<?xml version="1.0" encoding="UTF-8"?>
<!-- Generated by org.testng.reporters.JUnitReportReporter -->
<testsuite skipped="0" hostname="DESKTOP-DEUFFS0" name="testng.Actitime_ExceptionAndTimeout" tests="1" failures="0" timestamp="05 Apr 2023 04:19:48 GMT" time="0.025" errors="0">
  <testcase name="dividedByZeroExample1" time="0.025" classname="testng.Actitime_ExceptionAndTimeout"/>
</testsuite> <!-- testng.Actitime_ExceptionAndTimeout -->
